#
# There is insufficient memory for the Java Runtime Environment to continue.
# Native memory allocation (mmap) failed to map 4128768 bytes for G1 virtual space
# Possible reasons:
#   The system is out of physical RAM or swap space
#   The process is running with CompressedOops enabled, and the Java Heap may be blocking the growth of the native heap
# Possible solutions:
#   Reduce memory load on the system
#   Increase physical memory or swap space
#   Check if swap backing store is full
#   Decrease Java heap size (-Xmx/-Xms)
#   Decrease number of Java threads
#   Decrease Java thread stack sizes (-Xss)
#   Set larger code cache with -XX:ReservedCodeCacheSize=
#   JVM is running with Zero Based Compressed Oops mode in which the Java heap is
#     placed in the first 32GB address space. The Java Heap base address is the
#     maximum limit for the native heap growth. Please use -XX:HeapBaseMinAddress
#     to set the Java Heap base and to place the Java Heap above 32GB virtual address.
# This output file may be truncated or incomplete.
#
#  Out of Memory Error (os_windows.cpp:3548), pid=37264, tid=25736
#
# JRE version:  (17.0.12+8) (build )
# Java VM: Java HotSpot(TM) 64-Bit Server VM (17.0.12+8-LTS-286, mixed mode, sharing, tiered, compressed oops, compressed class ptrs, g1 gc, windows-amd64)
# No core dump will be written. Minidumps are not enabled by default on client versions of Windows
#

---------------  S U M M A R Y ------------

Command Line: --enable-native-access=ALL-UNNAMED -Dclassworlds.conf=C:\Users\User\.m2\wrapper\dists\apache-maven-3.9.14\ed7edd442f634ac1c1ef5ba2b61b6d690b5221091f1a8e1123f5fadcc967520d\bin\m2.conf -Dmaven.home=C:\Users\User\.m2\wrapper\dists\apache-maven-3.9.14\ed7edd442f634ac1c1ef5ba2b61b6d690b5221091f1a8e1123f5fadcc967520d -Dlibrary.jansi.path=C:\Users\User\.m2\wrapper\dists\apache-maven-3.9.14\ed7edd442f634ac1c1ef5ba2b61b6d690b5221091f1a8e1123f5fadcc967520d\lib\jansi-native -Dmaven.multiModuleProjectDirectory=d:\smart-campus-operations-hub\backend org.codehaus.plexus.classworlds.launcher.Launcher dependency:tree -B

Host: 11th Gen Intel(R) Core(TM) i7-1165G7 @ 2.80GHz, 8 cores, 15G,  Windows 11 , 64 bit Build 26100 (10.0.26100.8246)
Time: Thu Apr 23 23:07:24 2026 Sri Lanka Standard Time elapsed time: 0.014735 seconds (0d 0h 0m 0s)

---------------  T H R E A D  ---------------

Current thread (0x00000288cd4525c0):  JavaThread "Unknown thread" [_thread_in_vm, id=25736, stack(0x000000e6e8900000,0x000000e6e8a00000)]

Stack: [0x000000e6e8900000,0x000000e6e8a00000]
Native frames: (J=compiled Java code, j=interpreted, Vv=VM code, C=native code)
V  [jvm.dll+0x67a04a]
V  [jvm.dll+0x7da4ed]
V  [jvm.dll+0x7dbe33]
V  [jvm.dll+0x7dc4a3]
V  [jvm.dll+0x24508f]
V  [jvm.dll+0x677089]
V  [jvm.dll+0x66bd32]
V  [jvm.dll+0x301fa6]
V  [jvm.dll+0x309546]
V  [jvm.dll+0x359d43]
V  [jvm.dll+0x359f5f]
V  [jvm.dll+0x2d9078]
V  [jvm.dll+0x2d9fe4]
V  [jvm.dll+0x7aca21]
V  [jvm.dll+0x367591]
V  [jvm.dll+0x78b999]
V  [jvm.dll+0x3ec83f]
V  [jvm.dll+0x3ee471]
C  [jli.dll+0x5297]
C  [ucrtbase.dll+0x37b0]
C  [KERNEL32.DLL+0x2e8d7]
C  [ntdll.dll+0x8c3fc]


---------------  P R O C E S S  ---------------

Threads class SMR info:
_java_thread_list=0x00007fffffec7a18, length=0, elements={
}

Java Threads: ( => current thread )

Other Threads:
  0x00000288cd4c21d0 GCTaskThread "GC Thread#0" [stack: 0x000000e6e8a00000,0x000000e6e8b00000] [id=30536]
  0x00000288cd4d3930 ConcurrentGCThread "G1 Main Marker" [stack: 0x000000e6e8b00000,0x000000e6e8c00000] [id=28112]
  0x00000288cd4d4ae0 ConcurrentGCThread "G1 Conc#0" [stack: 0x000000e6e8c00000,0x000000e6e8d00000] [id=19192]

[error occurred during error reporting (printing all threads), id 0xc0000005, EXCEPTION_ACCESS_VIOLATION (0xc0000005) at pc=0x00007fffff6f9b67]

VM state: not at safepoint (not fully initialized)

VM Mutex/Monitor currently owned by a thread:  ([mutex/lock_event])
[0x00000288cd44f670] Heap_lock - owner thread: 0x00000288cd4525c0

Heap address: 0x0000000704c00000, size: 4020 MB, Compressed Oops mode: Zero based, Oop shift amount: 3

CDS archive(s) mapped at: [0x0000000000000000-0x0000000000000000-0x0000000000000000), size 0, SharedBaseAddress: 0x0000000800000000, ArchiveRelocationMode: 1.
Narrow klass base: 0x0000000000000000, Narrow klass shift: 0, Narrow klass range: 0x0

GC Precious Log:
<Empty>

Heap:
 garbage-first heap   total 0K, used 0K [0x0000000704c00000, 0x0000000800000000)
  region size 2048K, 0 young (0K), 0 survivors (0K)

[error occurred during error reporting (printing heap information), id 0xc0000005, EXCEPTION_ACCESS_VIOLATION (0xc0000005) at pc=0x00007fffffae3859]

GC Heap History (0 events):
No events

Deoptimization events (0 events):
No events

Classes unloaded (0 events):
No events

Classes redefined (0 events):
No events

Internal exceptions (0 events):
No events

VM Operations (0 events):
No events

Events (1 events):
Event: 0.008 Loaded shared library C:\Program Files\Java\jdk-17\bin\java.dll


Dynamic libraries:
0x00007ff709db0000 - 0x00007ff709dc0000 	C:\Program Files\Java\jdk-17\bin\java.exe
0x00007ff8f39c0000 - 0x00007ff8f3c27000 	C:\WINDOWS\SYSTEM32\ntdll.dll
0x00007ff8f2850000 - 0x00007ff8f2919000 	C:\WINDOWS\System32\KERNEL32.DLL
0x00007ff8f1080000 - 0x00007ff8f1474000 	C:\WINDOWS\System32\KERNELBASE.dll
0x00007ff8f1510000 - 0x00007ff8f165b000 	C:\WINDOWS\System32\ucrtbase.dll
0x00007ff8c7040000 - 0x00007ff8c705b000 	C:\Program Files\Java\jdk-17\bin\VCRUNTIME140.dll
0x00007ff8ca440000 - 0x00007ff8ca459000 	C:\Program Files\Java\jdk-17\bin\jli.dll
0x00007ff8f31a0000 - 0x00007ff8f3256000 	C:\WINDOWS\System32\ADVAPI32.dll
0x00007ff8f2de0000 - 0x00007ff8f2e89000 	C:\WINDOWS\System32\msvcrt.dll
0x00007ff8f27a0000 - 0x00007ff8f2847000 	C:\WINDOWS\System32\sechost.dll
0x00007ff8f3020000 - 0x00007ff8f3138000 	C:\WINDOWS\System32\RPCRT4.dll
0x00007ff8f36f0000 - 0x00007ff8f38b5000 	C:\WINDOWS\System32\USER32.dll
0x00007ff8cf490000 - 0x00007ff8cf723000 	C:\WINDOWS\WinSxS\amd64_microsoft.windows.common-controls_6595b64144ccf1df_6.0.26100.8115_none_3e075c82e3354f9c\COMCTL32.dll
0x00007ff8f1660000 - 0x00007ff8f1687000 	C:\WINDOWS\System32\win32u.dll
0x00007ff8f1cd0000 - 0x00007ff8f1cfb000 	C:\WINDOWS\System32\GDI32.dll
0x00007ff8f0340000 - 0x00007ff8f046b000 	C:\WINDOWS\System32\gdi32full.dll
0x00007ff8f05f0000 - 0x00007ff8f0693000 	C:\WINDOWS\System32\msvcp_win.dll
0x00007ff8e62b0000 - 0x00007ff8e62bb000 	C:\WINDOWS\SYSTEM32\VERSION.dll
0x00007ff8f32f0000 - 0x00007ff8f3322000 	C:\WINDOWS\System32\IMM32.DLL
0x00007ff8dec00000 - 0x00007ff8dec0c000 	C:\Program Files\Java\jdk-17\bin\vcruntime140_1.dll
0x00007ff889590000 - 0x00007ff88961e000 	C:\Program Files\Java\jdk-17\bin\msvcp140.dll
0x00007fffff410000 - 0x00007fffffff0000 	C:\Program Files\Java\jdk-17\bin\server\jvm.dll
0x00007ff8f2020000 - 0x00007ff8f2028000 	C:\WINDOWS\System32\PSAPI.DLL
0x00007ff8d7030000 - 0x00007ff8d7066000 	C:\WINDOWS\SYSTEM32\WINMM.dll
0x00007ff8d1b20000 - 0x00007ff8d1b2a000 	C:\WINDOWS\SYSTEM32\WSOCK32.dll
0x00007ff8f38f0000 - 0x00007ff8f3970000 	C:\WINDOWS\System32\WS2_32.dll
0x00007ff8eeff0000 - 0x00007ff8ef00b000 	C:\WINDOWS\SYSTEM32\kernel.appcore.dll
0x00007ff8d64c0000 - 0x00007ff8d64ca000 	C:\Program Files\Java\jdk-17\bin\jimage.dll
0x00007ff8ee360000 - 0x00007ff8ee5a2000 	C:\WINDOWS\SYSTEM32\DBGHELP.DLL
0x00007ff8f1750000 - 0x00007ff8f1ad2000 	C:\WINDOWS\System32\combase.dll
0x00007ff8f1f40000 - 0x00007ff8f2018000 	C:\WINDOWS\System32\OLEAUT32.dll
0x00007ff8d0890000 - 0x00007ff8d08cb000 	C:\WINDOWS\SYSTEM32\dbgcore.DLL
0x00007ff8f0290000 - 0x00007ff8f0335000 	C:\WINDOWS\System32\bcryptPrimitives.dll
0x00007ff8a72d0000 - 0x00007ff8a72f5000 	C:\Program Files\Java\jdk-17\bin\java.dll

dbghelp: loaded successfully - version: 4.0.5 - missing functions: none
symbol engine: initialized successfully - sym options: 0x614 - pdb path: .;C:\Program Files\Java\jdk-17\bin;C:\WINDOWS\SYSTEM32;C:\WINDOWS\WinSxS\amd64_microsoft.windows.common-controls_6595b64144ccf1df_6.0.26100.8115_none_3e075c82e3354f9c;C:\Program Files\Java\jdk-17\bin\server

VM Arguments:
jvm_args: --enable-native-access=ALL-UNNAMED -Dclassworlds.conf=C:\Users\User\.m2\wrapper\dists\apache-maven-3.9.14\ed7edd442f634ac1c1ef5ba2b61b6d690b5221091f1a8e1123f5fadcc967520d\bin\m2.conf -Dmaven.home=C:\Users\User\.m2\wrapper\dists\apache-maven-3.9.14\ed7edd442f634ac1c1ef5ba2b61b6d690b5221091f1a8e1123f5fadcc967520d -Dlibrary.jansi.path=C:\Users\User\.m2\wrapper\dists\apache-maven-3.9.14\ed7edd442f634ac1c1ef5ba2b61b6d690b5221091f1a8e1123f5fadcc967520d\lib\jansi-native -Dmaven.multiModuleProjectDirectory=d:\smart-campus-operations-hub\backend 
java_command: org.codehaus.plexus.classworlds.launcher.Launcher dependency:tree -B
java_class_path (initial): C:\Users\User\.m2\wrapper\dists\apache-maven-3.9.14\ed7edd442f634ac1c1ef5ba2b61b6d690b5221091f1a8e1123f5fadcc967520d\boot\plexus-classworlds-2.9.0.jar
Launcher Type: SUN_STANDARD

[Global flags]
     intx CICompilerCount                          = 4                                         {product} {ergonomic}
     uint ConcGCThreads                            = 2                                         {product} {ergonomic}
     uint G1ConcRefinementThreads                  = 8                                         {product} {ergonomic}
   size_t G1HeapRegionSize                         = 2097152                                   {product} {ergonomic}
    uintx GCDrainStackTargetSize                   = 64                                        {product} {ergonomic}
   size_t InitialHeapSize                          = 264241152                                 {product} {ergonomic}
   size_t MarkStackSize                            = 4194304                                   {product} {ergonomic}
   size_t MaxHeapSize                              = 4215275520                                {product} {ergonomic}
   size_t MinHeapDeltaBytes                        = 2097152                                   {product} {ergonomic}
   size_t MinHeapSize                              = 8388608                                   {product} {ergonomic}
    uintx NonNMethodCodeHeapSize                   = 5839372                                {pd product} {ergonomic}
    uintx NonProfiledCodeHeapSize                  = 122909434                              {pd product} {ergonomic}
    uintx ProfiledCodeHeapSize                     = 122909434                              {pd product} {ergonomic}
    uintx ReservedCodeCacheSize                    = 251658240                              {pd product} {ergonomic}
     bool SegmentedCodeCache                       = true                                      {product} {ergonomic}
   size_t SoftMaxHeapSize                          = 4215275520                             {manageable} {ergonomic}
     bool UseCompressedClassPointers               = true                           {product lp64_product} {ergonomic}
     bool UseCompressedOops                        = true                           {product lp64_product} {ergonomic}
     bool UseG1GC                                  = true                                      {product} {ergonomic}
     bool UseLargePagesIndividualAllocation        = false                                  {pd product} {ergonomic}

Logging:
Log output configuration:
 #0: stdout all=warning uptime,level,tags
 #1: stderr all=off uptime,level,tags

Environment Variables:
JAVA_HOME=C:\Program Files\Java\jdk-17
PATH=C:\Program Files\Java\jdk-17\bin;C:\Program Files\Java\jdk-17\bin;C:\Users\User\AppData\Local\Programs\Microsoft VS Code;C:\Program Files (x86)\Common Files\Oracle\Java\javapath;C:\Program Files\Common Files\Oracle\Java\javapath;C:\Windows\system32;C:\Windows;C:\Windows\System32\Wbem;C:\Windows\System32\WindowsPowerShell\v1.0\;C:\Windows\System32\OpenSSH\;C:\Program Files (x86)\NVIDIA Corporation\PhysX\Common;C:\Program Files\NVIDIA Corporation\NVIDIA NvDLISR;C:\WINDOWS\system32;C:\WINDOWS;C:\WINDOWS\System32\Wbem;C:\WINDOWS\System32\WindowsPowerShell\v1.0\;C:\WINDOWS\System32\OpenSSH\;C:\Program Files (x86)\Microsoft SQL Server\160\Tools\Binn\;C:\Program Files\Microsoft SQL Server\160\Tools\Binn\;C:\Program Files\Microsoft SQL Server\Client SDK\ODBC\170\Tools\Binn\;C:\Program Files\Microsoft SQL Server\160\DTS\Binn\;C:\Program Files (x86)\Microsoft SQL Server\160\DTS\Binn\;C:\Program Files\Azure Data Studio\bin;C:\Program Files\Microsoft SQL Server\150\Tools\Binn\;C:\Program Files\dotnet\;C:\Program Files (x86)\Windows Kits\10\Windows Performance Toolkit\;C:\Program Files\Java\jdk-19\bin;C:\Program Files\nodejs\;C:\Users\YourUsername\AppData\Roaming\npm\;C:\Program Files\Git\cmd;c:\Users\User\AppData\Local\Programs\cursor\resources\app\bin;C:\apache-maven-3.9.9\bin;;%SystemRoot%\system32;%SystemRoot%;%SystemRoot%\System32\Wbem;%SYSTEMROOT%\System32\WindowsPowerShell\v1.0\;%SYSTEMROOT%\System32\OpenSSH\;C:\Users\User\AppData\Local\Programs\Python\Python313\Scripts\;C:\Users\User\AppData\Local\Programs\Python\Python313\;C:\Users\User\AppData\Local\Programs\Python\Launcher\;C:\Program Files\MySQL\MySQL Shell 8.0\bin\;C:\Users\User\AppData\Local\Microsoft\WindowsApps;C:\Users\User\AppData\Local\Programs\Microsoft VS Code\bin;C:\Program Files\Azure Data Studio\bin;C:\Users\User\.dotnet\tools;C:\Users\User\AppData\Roaming\npm;C:\Users\User\AppData\Local\Microsoft\WinGet\Packages\Schniz.fnm_Microsoft.Winget.Source_8wekyb3d8bbwe;C:\Users\User\AppData\Local\Programs\curso
USERNAME=User
OS=Windows_NT
PROCESSOR_IDENTIFIER=Intel64 Family 6 Model 140 Stepping 1, GenuineIntel



---------------  S Y S T E M  ---------------

OS:
 Windows 11 , 64 bit Build 26100 (10.0.26100.8246)
OS uptime: 2 days 6:10 hours
Hyper-V role detected

CPU: total 8 (initial active 8) (4 cores per cpu, 2 threads per core) family 6 model 140 stepping 1 microcode 0x9a, cx8, cmov, fxsr, ht, mmx, 3dnowpref, sse, sse2, sse3, ssse3, sse4.1, sse4.2, popcnt, lzcnt, tsc, tscinvbit, avx, avx2, aes, erms, clmul, bmi1, bmi2, adx, avx512f, avx512dq, avx512cd, avx512bw, avx512vl, sha, fma, vzeroupper, avx512_vpopcntdq, avx512_vpclmulqdq, avx512_vaes, avx512_vnni, clflush, clflushopt, clwb, avx512_vbmi2, avx512_vbmi, hv

Memory: 4k page, system-wide physical 16075M (2017M free)
TotalPageFile size 36248M (AvailPageFile size 2M)
current process WorkingSet (physical memory assigned to process): 12M, peak: 12M
current process commit charge ("private bytes"): 313M, peak: 316M

vm_info: Java HotSpot(TM) 64-Bit Server VM (17.0.12+8-LTS-286) for windows-amd64 JRE (17.0.12+8-LTS-286), built on Jun  5 2024 06:46:59 by "mach5one" with MS VC++ 17.6 (VS2022)

END.
